# JRE version: Java(TM) SE Runtime Environment (13.0.2+8) (build 13.0.2+8)
# Java VM: Java HotSpot(TM) 64-Bit Server VM (13.0.2+8, mixed mode, sharing, tiered, compressed oops, g1 gc, windows-amd64)
Heap:
 garbage-first heap   total 194560K, used 19080K [0x0000000742200000, 0x0000000800000000)
  region size 1024K, 20 young (20480K), 2 survivors (2048K)
 Metaspace       used 1604K, capacity 4873K, committed 5120K, reserved 1056768K
  class space    used 140K, capacity 454K, committed 512K, reserved 1048576K
GC Heap History (20 events):
Event: 1.436 GC heap before
{Heap before GC invocations=1 (full 0):
 garbage-first heap   total 194560K, used 116657K [0x0000000742200000, 0x0000000800000000)
  region size 1024K, 114 young (116736K), 1 survivors (1024K)
 Metaspace       used 1599K, capacity 4873K, committed 5120K, reserved 1056768K
  class space    used 140K, capacity 454K, committed 512K, reserved 1048576K
}
Event: 1.438 GC heap after
{Heap after GC invocations=2 (full 0):
 garbage-first heap   total 194560K, used 1551K [0x0000000742200000, 0x0000000800000000)
  region size 1024K, 2 young (2048K), 2 survivors (2048K)
 Metaspace       used 1599K, capacity 4873K, committed 5120K, reserved 1056768K
  class space    used 140K, capacity 454K, committed 512K, reserved 1048576K
}
Event: 1.919 GC heap before
{Heap before GC invocations=2 (full 0):
 garbage-first heap   total 194560K, used 116239K [0x0000000742200000, 0x0000000800000000)
  region size 1024K, 114 young (116736K), 2 survivors (2048K)
 Metaspace       used 1599K, capacity 4873K, committed 5120K, reserved 1056768K
  class space    used 140K, capacity 454K, committed 512K, reserved 1048576K
}
Event: 1.921 GC heap after
{Heap after GC invocations=3 (full 0):
 garbage-first heap   total 194560K, used 1583K [0x0000000742200000, 0x0000000800000000)
  region size 1024K, 2 young (2048K), 2 survivors (2048K)
 Metaspace       used 1599K, capacity 4873K, committed 5120K, reserved 1056768K
  class space    used 140K, capacity 454K, committed 512K, reserved 1048576K
}
Event: 2.497 GC heap before
{Heap before GC invocations=3 (full 0):
 garbage-first heap   total 194560K, used 116271K [0x0000000742200000, 0x0000000800000000)
  region size 1024K, 114 young (116736K), 2 survivors (2048K)
 Metaspace       used 1599K, capacity 4873K, committed 5120K, reserved 1056768K
  class space    used 140K, capacity 454K, committed 512K, reserved 1048576K
}
Event: 2.499 GC heap after
{Heap after GC invocations=4 (full 0):
 garbage-first heap   total 194560K, used 1581K [0x0000000742200000, 0x0000000800000000)
  region size 1024K, 2 young (2048K), 2 survivors (2048K)
 Metaspace       used 1599K, capacity 4873K, committed 5120K, reserved 1056768K
  class space    used 140K, capacity 454K, committed 512K, reserved 1048576K
}
Event: 3.014 GC heap before
{Heap before GC invocations=4 (full 0):
 garbage-first heap   total 194560K, used 116269K [0x0000000742200000, 0x0000000800000000)
  region size 1024K, 114 young (116736K), 2 survivors (2048K)
 Metaspace       used 1602K, capacity 4873K, committed 5120K, reserved 1056768K
  class space    used 140K, capacity 454K, committed 512K, reserved 1048576K
}
Event: 3.016 GC heap after
{Heap after GC invocations=5 (full 0):
 garbage-first heap   total 194560K, used 1596K [0x0000000742200000, 0x0000000800000000)
  region size 1024K, 2 young (2048K), 2 survivors (2048K)
 Metaspace       used 1602K, capacity 4873K, committed 5120K, reserved 1056768K
  class space    used 140K, capacity 454K, committed 512K, reserved 1048576K
}
Event: 3.425 GC heap before
{Heap before GC invocations=5 (full 0):
 garbage-first heap   total 194560K, used 116284K [0x0000000742200000, 0x0000000800000000)
  region size 1024K, 114 young (116736K), 2 survivors (2048K)
 Metaspace       used 1603K, capacity 4873K, committed 5120K, reserved 1056768K
  class space    used 140K, capacity 454K, committed 512K, reserved 1048576K
}
Event: 3.427 GC heap after
{Heap after GC invocations=6 (full 0):
 garbage-first heap   total 194560K, used 1661K [0x0000000742200000, 0x0000000800000000)
  region size 1024K, 2 young (2048K), 2 survivors (2048K)
 Metaspace       used 1603K, capacity 4873K, committed 5120K, reserved 1056768K
  class space    used 140K, capacity 454K, committed 512K, reserved 1048576K
}
Event: 3.863 GC heap before
{Heap before GC invocations=6 (full 0):
 garbage-first heap   total 194560K, used 116349K [0x0000000742200000, 0x0000000800000000)
  region size 1024K, 114 young (116736K), 2 survivors (2048K)
 Metaspace       used 1603K, capacity 4873K, committed 5120K, reserved 1056768K
  class space    used 140K, capacity 454K, committed 512K, reserved 1048576K
}
Event: 3.866 GC heap after
{Heap after GC invocations=7 (full 0):
 garbage-first heap   total 194560K, used 1596K [0x0000000742200000, 0x0000000800000000)
  region size 1024K, 2 young (2048K), 2 survivors (2048K)
 Metaspace       used 1603K, capacity 4873K, committed 5120K, reserved 1056768K
  class space    used 140K, capacity 454K, committed 512K, reserved 1048576K
}
Event: 4.305 GC heap before
{Heap before GC invocations=7 (full 0):
 garbage-first heap   total 194560K, used 116284K [0x0000000742200000, 0x0000000800000000)
  region size 1024K, 114 young (116736K), 2 survivors (2048K)
 Metaspace       used 1603K, capacity 4873K, committed 5120K, reserved 1056768K
  class space    used 140K, capacity 454K, committed 512K, reserved 1048576K
}
Event: 4.308 GC heap after
{Heap after GC invocations=8 (full 0):
 garbage-first heap   total 194560K, used 1522K [0x0000000742200000, 0x0000000800000000)
  region size 1024K, 2 young (2048K), 2 survivors (2048K)
 Metaspace       used 1603K, capacity 4873K, committed 5120K, reserved 1056768K
  class space    used 140K, capacity 454K, committed 512K, reserved 1048576K
}
Event: 4.747 GC heap before
{Heap before GC invocations=8 (full 0):
 garbage-first heap   total 194560K, used 116210K [0x0000000742200000, 0x0000000800000000)
  region size 1024K, 114 young (116736K), 2 survivors (2048K)
 Metaspace       used 1603K, capacity 4873K, committed 5120K, reserved 1056768K
  class space    used 140K, capacity 454K, committed 512K, reserved 1048576K
}
Event: 4.750 GC heap after
{Heap after GC invocations=9 (full 0):
 garbage-first heap   total 194560K, used 1527K [0x0000000742200000, 0x0000000800000000)
  region size 1024K, 2 young (2048K), 2 survivors (2048K)
 Metaspace       used 1603K, capacity 4873K, committed 5120K, reserved 1056768K
  class space    used 140K, capacity 454K, committed 512K, reserved 1048576K
}
Event: 5.248 GC heap before
{Heap before GC invocations=9 (full 0):
 garbage-first heap   total 194560K, used 116215K [0x0000000742200000, 0x0000000800000000)
  region size 1024K, 114 young (116736K), 2 survivors (2048K)
 Metaspace       used 1603K, capacity 4873K, committed 5120K, reserved 1056768K
  class space    used 140K, capacity 454K, committed 512K, reserved 1048576K
}
Event: 5.250 GC heap after
{Heap after GC invocations=10 (full 0):
 garbage-first heap   total 194560K, used 1594K [0x0000000742200000, 0x0000000800000000)
  region size 1024K, 2 young (2048K), 2 survivors (2048K)
 Metaspace       used 1603K, capacity 4873K, committed 5120K, reserved 1056768K
  class space    used 140K, capacity 454K, committed 512K, reserved 1048576K
}
Event: 8.704 GC heap before
{Heap before GC invocations=10 (full 0):
 garbage-first heap   total 194560K, used 116282K [0x0000000742200000, 0x0000000800000000)
  region size 1024K, 114 young (116736K), 2 survivors (2048K)
 Metaspace       used 1604K, capacity 4873K, committed 5120K, reserved 1056768K
  class space    used 140K, capacity 454K, committed 512K, reserved 1048576K
}
Event: 8.707 GC heap after
{Heap after GC invocations=11 (full 0):
 garbage-first heap   total 194560K, used 1672K [0x0000000742200000, 0x0000000800000000)
  region size 1024K, 2 young (2048K), 2 survivors (2048K)
 Metaspace       used 1604K, capacity 4873K, committed 5120K, reserved 1056768K
  class space    used 140K, capacity 454K, committed 512K, reserved 1048576K
}

