# JRE version: Java(TM) SE Runtime Environment (13.0.2+8) (build 13.0.2+8)
# Java VM: Java HotSpot(TM) 64-Bit Server VM (13.0.2+8, mixed mode, sharing, tiered, compressed oops, g1 gc, windows-amd64)
Heap:
 garbage-first heap   total 194560K, used 15865K [0x0000000742200000, 0x0000000800000000)
  region size 1024K, 17 young (17408K), 2 survivors (2048K)
 Metaspace       used 1602K, capacity 4873K, committed 5120K, reserved 1056768K
  class space    used 140K, capacity 454K, committed 512K, reserved 1048576K
GC Heap History (20 events):
Event: 1.575 GC heap before
{Heap before GC invocations=1 (full 0):
 garbage-first heap   total 194560K, used 116664K [0x0000000742200000, 0x0000000800000000)
  region size 1024K, 114 young (116736K), 1 survivors (1024K)
 Metaspace       used 1597K, capacity 4873K, committed 5120K, reserved 1056768K
  class space    used 140K, capacity 454K, committed 512K, reserved 1048576K
}
Event: 1.578 GC heap after
{Heap after GC invocations=2 (full 0):
 garbage-first heap   total 194560K, used 1583K [0x0000000742200000, 0x0000000800000000)
  region size 1024K, 2 young (2048K), 2 survivors (2048K)
 Metaspace       used 1597K, capacity 4873K, committed 5120K, reserved 1056768K
  class space    used 140K, capacity 454K, committed 512K, reserved 1048576K
}
Event: 2.209 GC heap before
{Heap before GC invocations=2 (full 0):
 garbage-first heap   total 194560K, used 116271K [0x0000000742200000, 0x0000000800000000)
  region size 1024K, 114 young (116736K), 2 survivors (2048K)
 Metaspace       used 1597K, capacity 4873K, committed 5120K, reserved 1056768K
  class space    used 140K, capacity 454K, committed 512K, reserved 1048576K
}
Event: 2.211 GC heap after
{Heap after GC invocations=3 (full 0):
 garbage-first heap   total 194560K, used 1652K [0x0000000742200000, 0x0000000800000000)
  region size 1024K, 2 young (2048K), 2 survivors (2048K)
 Metaspace       used 1597K, capacity 4873K, committed 5120K, reserved 1056768K
  class space    used 140K, capacity 454K, committed 512K, reserved 1048576K
}
Event: 2.806 GC heap before
{Heap before GC invocations=3 (full 0):
 garbage-first heap   total 194560K, used 116340K [0x0000000742200000, 0x0000000800000000)
  region size 1024K, 114 young (116736K), 2 survivors (2048K)
 Metaspace       used 1597K, capacity 4873K, committed 5120K, reserved 1056768K
  class space    used 140K, capacity 454K, committed 512K, reserved 1048576K
}
Event: 2.808 GC heap after
{Heap after GC invocations=4 (full 0):
 garbage-first heap   total 194560K, used 1576K [0x0000000742200000, 0x0000000800000000)
  region size 1024K, 2 young (2048K), 2 survivors (2048K)
 Metaspace       used 1597K, capacity 4873K, committed 5120K, reserved 1056768K
  class space    used 140K, capacity 454K, committed 512K, reserved 1048576K
}
Event: 3.353 GC heap before
{Heap before GC invocations=4 (full 0):
 garbage-first heap   total 194560K, used 116264K [0x0000000742200000, 0x0000000800000000)
  region size 1024K, 114 young (116736K), 2 survivors (2048K)
 Metaspace       used 1600K, capacity 4873K, committed 5120K, reserved 1056768K
  class space    used 140K, capacity 454K, committed 512K, reserved 1048576K
}
Event: 3.355 GC heap after
{Heap after GC invocations=5 (full 0):
 garbage-first heap   total 194560K, used 1658K [0x0000000742200000, 0x0000000800000000)
  region size 1024K, 2 young (2048K), 2 survivors (2048K)
 Metaspace       used 1600K, capacity 4873K, committed 5120K, reserved 1056768K
  class space    used 140K, capacity 454K, committed 512K, reserved 1048576K
}
Event: 3.803 GC heap before
{Heap before GC invocations=5 (full 0):
 garbage-first heap   total 194560K, used 116346K [0x0000000742200000, 0x0000000800000000)
  region size 1024K, 114 young (116736K), 2 survivors (2048K)
 Metaspace       used 1601K, capacity 4873K, committed 5120K, reserved 1056768K
  class space    used 140K, capacity 454K, committed 512K, reserved 1048576K
}
Event: 3.805 GC heap after
{Heap after GC invocations=6 (full 0):
 garbage-first heap   total 194560K, used 1670K [0x0000000742200000, 0x0000000800000000)
  region size 1024K, 2 young (2048K), 2 survivors (2048K)
 Metaspace       used 1601K, capacity 4873K, committed 5120K, reserved 1056768K
  class space    used 140K, capacity 454K, committed 512K, reserved 1048576K
}
Event: 4.356 GC heap before
{Heap before GC invocations=6 (full 0):
 garbage-first heap   total 194560K, used 116358K [0x0000000742200000, 0x0000000800000000)
  region size 1024K, 114 young (116736K), 2 survivors (2048K)
 Metaspace       used 1601K, capacity 4873K, committed 5120K, reserved 1056768K
  class space    used 140K, capacity 454K, committed 512K, reserved 1048576K
}
Event: 4.359 GC heap after
{Heap after GC invocations=7 (full 0):
 garbage-first heap   total 194560K, used 1601K [0x0000000742200000, 0x0000000800000000)
  region size 1024K, 2 young (2048K), 2 survivors (2048K)
 Metaspace       used 1601K, capacity 4873K, committed 5120K, reserved 1056768K
  class space    used 140K, capacity 454K, committed 512K, reserved 1048576K
}
Event: 4.934 GC heap before
{Heap before GC invocations=7 (full 0):
 garbage-first heap   total 194560K, used 116289K [0x0000000742200000, 0x0000000800000000)
  region size 1024K, 114 young (116736K), 2 survivors (2048K)
 Metaspace       used 1601K, capacity 4873K, committed 5120K, reserved 1056768K
  class space    used 140K, capacity 454K, committed 512K, reserved 1048576K
}
Event: 4.936 GC heap after
{Heap after GC invocations=8 (full 0):
 garbage-first heap   total 194560K, used 1601K [0x0000000742200000, 0x0000000800000000)
  region size 1024K, 2 young (2048K), 2 survivors (2048K)
 Metaspace       used 1601K, capacity 4873K, committed 5120K, reserved 1056768K
  class space    used 140K, capacity 454K, committed 512K, reserved 1048576K
}
Event: 5.469 GC heap before
{Heap before GC invocations=8 (full 0):
 garbage-first heap   total 194560K, used 116289K [0x0000000742200000, 0x0000000800000000)
  region size 1024K, 114 young (116736K), 2 survivors (2048K)
 Metaspace       used 1601K, capacity 4873K, committed 5120K, reserved 1056768K
  class space    used 140K, capacity 454K, committed 512K, reserved 1048576K
}
Event: 5.471 GC heap after
{Heap after GC invocations=9 (full 0):
 garbage-first heap   total 194560K, used 1599K [0x0000000742200000, 0x0000000800000000)
  region size 1024K, 2 young (2048K), 2 survivors (2048K)
 Metaspace       used 1601K, capacity 4873K, committed 5120K, reserved 1056768K
  class space    used 140K, capacity 454K, committed 512K, reserved 1048576K
}
Event: 5.972 GC heap before
{Heap before GC invocations=9 (full 0):
 garbage-first heap   total 194560K, used 116287K [0x0000000742200000, 0x0000000800000000)
  region size 1024K, 114 young (116736K), 2 survivors (2048K)
 Metaspace       used 1601K, capacity 4873K, committed 5120K, reserved 1056768K
  class space    used 140K, capacity 454K, committed 512K, reserved 1048576K
}
Event: 5.975 GC heap after
{Heap after GC invocations=10 (full 0):
 garbage-first heap   total 194560K, used 1601K [0x0000000742200000, 0x0000000800000000)
  region size 1024K, 2 young (2048K), 2 survivors (2048K)
 Metaspace       used 1601K, capacity 4873K, committed 5120K, reserved 1056768K
  class space    used 140K, capacity 454K, committed 512K, reserved 1048576K
}
Event: 6.448 GC heap before
{Heap before GC invocations=10 (full 0):
 garbage-first heap   total 194560K, used 116289K [0x0000000742200000, 0x0000000800000000)
  region size 1024K, 114 young (116736K), 2 survivors (2048K)
 Metaspace       used 1602K, capacity 4873K, committed 5120K, reserved 1056768K
  class space    used 140K, capacity 454K, committed 512K, reserved 1048576K
}
Event: 6.451 GC heap after
{Heap after GC invocations=11 (full 0):
 garbage-first heap   total 194560K, used 1529K [0x0000000742200000, 0x0000000800000000)
  region size 1024K, 2 young (2048K), 2 survivors (2048K)
 Metaspace       used 1602K, capacity 4873K, committed 5120K, reserved 1056768K
  class space    used 140K, capacity 454K, committed 512K, reserved 1048576K
}

