# JRE version: Java(TM) SE Runtime Environment (13.0.2+8) (build 13.0.2+8)
# Java VM: Java HotSpot(TM) 64-Bit Server VM (13.0.2+8, mixed mode, sharing, tiered, compressed oops, g1 gc, windows-amd64)
Heap:
 garbage-first heap   total 194560K, used 39481K [0x0000000742200000, 0x0000000800000000)
  region size 1024K, 40 young (40960K), 2 survivors (2048K)
 Metaspace       used 1608K, capacity 4873K, committed 5120K, reserved 1056768K
  class space    used 140K, capacity 454K, committed 512K, reserved 1048576K
GC Heap History (20 events):
Event: 3.039 GC heap before
{Heap before GC invocations=1 (full 0):
 garbage-first heap   total 194560K, used 116161K [0x0000000742200000, 0x0000000800000000)
  region size 1024K, 114 young (116736K), 2 survivors (2048K)
 Metaspace       used 1604K, capacity 4873K, committed 5120K, reserved 1056768K
  class space    used 140K, capacity 454K, committed 512K, reserved 1048576K
}
Event: 3.041 GC heap after
{Heap after GC invocations=2 (full 0):
 garbage-first heap   total 194560K, used 1612K [0x0000000742200000, 0x0000000800000000)
  region size 1024K, 2 young (2048K), 2 survivors (2048K)
 Metaspace       used 1604K, capacity 4873K, committed 5120K, reserved 1056768K
  class space    used 140K, capacity 454K, committed 512K, reserved 1048576K
}
Event: 3.551 GC heap before
{Heap before GC invocations=2 (full 0):
 garbage-first heap   total 194560K, used 116300K [0x0000000742200000, 0x0000000800000000)
  region size 1024K, 114 young (116736K), 2 survivors (2048K)
 Metaspace       used 1604K, capacity 4873K, committed 5120K, reserved 1056768K
  class space    used 140K, capacity 454K, committed 512K, reserved 1048576K
}
Event: 3.553 GC heap after
{Heap after GC invocations=3 (full 0):
 garbage-first heap   total 194560K, used 1586K [0x0000000742200000, 0x0000000800000000)
  region size 1024K, 2 young (2048K), 2 survivors (2048K)
 Metaspace       used 1604K, capacity 4873K, committed 5120K, reserved 1056768K
  class space    used 140K, capacity 454K, committed 512K, reserved 1048576K
}
Event: 3.924 GC heap before
{Heap before GC invocations=3 (full 0):
 garbage-first heap   total 194560K, used 116274K [0x0000000742200000, 0x0000000800000000)
  region size 1024K, 114 young (116736K), 2 survivors (2048K)
 Metaspace       used 1604K, capacity 4873K, committed 5120K, reserved 1056768K
  class space    used 140K, capacity 454K, committed 512K, reserved 1048576K
}
Event: 3.927 GC heap after
{Heap after GC invocations=4 (full 0):
 garbage-first heap   total 194560K, used 1527K [0x0000000742200000, 0x0000000800000000)
  region size 1024K, 2 young (2048K), 2 survivors (2048K)
 Metaspace       used 1604K, capacity 4873K, committed 5120K, reserved 1056768K
  class space    used 140K, capacity 454K, committed 512K, reserved 1048576K
}
Event: 4.278 GC heap before
{Heap before GC invocations=4 (full 0):
 garbage-first heap   total 194560K, used 116215K [0x0000000742200000, 0x0000000800000000)
  region size 1024K, 114 young (116736K), 2 survivors (2048K)
 Metaspace       used 1607K, capacity 4873K, committed 5120K, reserved 1056768K
  class space    used 140K, capacity 454K, committed 512K, reserved 1048576K
}
Event: 4.281 GC heap after
{Heap after GC invocations=5 (full 0):
 garbage-first heap   total 194560K, used 1666K [0x0000000742200000, 0x0000000800000000)
  region size 1024K, 2 young (2048K), 2 survivors (2048K)
 Metaspace       used 1607K, capacity 4873K, committed 5120K, reserved 1056768K
  class space    used 140K, capacity 454K, committed 512K, reserved 1048576K
}
Event: 4.605 GC heap before
{Heap before GC invocations=5 (full 0):
 garbage-first heap   total 194560K, used 116354K [0x0000000742200000, 0x0000000800000000)
  region size 1024K, 114 young (116736K), 2 survivors (2048K)
 Metaspace       used 1607K, capacity 4873K, committed 5120K, reserved 1056768K
  class space    used 140K, capacity 454K, committed 512K, reserved 1048576K
}
Event: 4.607 GC heap after
{Heap after GC invocations=6 (full 0):
 garbage-first heap   total 194560K, used 1659K [0x0000000742200000, 0x0000000800000000)
  region size 1024K, 2 young (2048K), 2 survivors (2048K)
 Metaspace       used 1607K, capacity 4873K, committed 5120K, reserved 1056768K
  class space    used 140K, capacity 454K, committed 512K, reserved 1048576K
}
Event: 5.061 GC heap before
{Heap before GC invocations=6 (full 0):
 garbage-first heap   total 194560K, used 116347K [0x0000000742200000, 0x0000000800000000)
  region size 1024K, 114 young (116736K), 2 survivors (2048K)
 Metaspace       used 1607K, capacity 4873K, committed 5120K, reserved 1056768K
  class space    used 140K, capacity 454K, committed 512K, reserved 1048576K
}
Event: 5.064 GC heap after
{Heap after GC invocations=7 (full 0):
 garbage-first heap   total 194560K, used 1592K [0x0000000742200000, 0x0000000800000000)
  region size 1024K, 2 young (2048K), 2 survivors (2048K)
 Metaspace       used 1607K, capacity 4873K, committed 5120K, reserved 1056768K
  class space    used 140K, capacity 454K, committed 512K, reserved 1048576K
}
Event: 5.508 GC heap before
{Heap before GC invocations=7 (full 0):
 garbage-first heap   total 194560K, used 116280K [0x0000000742200000, 0x0000000800000000)
  region size 1024K, 114 young (116736K), 2 survivors (2048K)
 Metaspace       used 1607K, capacity 4873K, committed 5120K, reserved 1056768K
  class space    used 140K, capacity 454K, committed 512K, reserved 1048576K
}
Event: 5.511 GC heap after
{Heap after GC invocations=8 (full 0):
 garbage-first heap   total 194560K, used 1579K [0x0000000742200000, 0x0000000800000000)
  region size 1024K, 2 young (2048K), 2 survivors (2048K)
 Metaspace       used 1607K, capacity 4873K, committed 5120K, reserved 1056768K
  class space    used 140K, capacity 454K, committed 512K, reserved 1048576K
}
Event: 5.964 GC heap before
{Heap before GC invocations=8 (full 0):
 garbage-first heap   total 194560K, used 116267K [0x0000000742200000, 0x0000000800000000)
  region size 1024K, 114 young (116736K), 2 survivors (2048K)
 Metaspace       used 1607K, capacity 4873K, committed 5120K, reserved 1056768K
  class space    used 140K, capacity 454K, committed 512K, reserved 1048576K
}
Event: 5.967 GC heap after
{Heap after GC invocations=9 (full 0):
 garbage-first heap   total 194560K, used 1660K [0x0000000742200000, 0x0000000800000000)
  region size 1024K, 2 young (2048K), 2 survivors (2048K)
 Metaspace       used 1607K, capacity 4873K, committed 5120K, reserved 1056768K
  class space    used 140K, capacity 454K, committed 512K, reserved 1048576K
}
Event: 6.437 GC heap before
{Heap before GC invocations=9 (full 0):
 garbage-first heap   total 194560K, used 116348K [0x0000000742200000, 0x0000000800000000)
  region size 1024K, 114 young (116736K), 2 survivors (2048K)
 Metaspace       used 1607K, capacity 4873K, committed 5120K, reserved 1056768K
  class space    used 140K, capacity 454K, committed 512K, reserved 1048576K
}
Event: 6.439 GC heap after
{Heap after GC invocations=10 (full 0):
 garbage-first heap   total 194560K, used 1592K [0x0000000742200000, 0x0000000800000000)
  region size 1024K, 2 young (2048K), 2 survivors (2048K)
 Metaspace       used 1607K, capacity 4873K, committed 5120K, reserved 1056768K
  class space    used 140K, capacity 454K, committed 512K, reserved 1048576K
}
Event: 7.056 GC heap before
{Heap before GC invocations=10 (full 0):
 garbage-first heap   total 194560K, used 116280K [0x0000000742200000, 0x0000000800000000)
  region size 1024K, 114 young (116736K), 2 survivors (2048K)
 Metaspace       used 1608K, capacity 4873K, committed 5120K, reserved 1056768K
  class space    used 140K, capacity 454K, committed 512K, reserved 1048576K
}
Event: 7.059 GC heap after
{Heap after GC invocations=11 (full 0):
 garbage-first heap   total 194560K, used 1593K [0x0000000742200000, 0x0000000800000000)
  region size 1024K, 2 young (2048K), 2 survivors (2048K)
 Metaspace       used 1608K, capacity 4873K, committed 5120K, reserved 1056768K
  class space    used 140K, capacity 454K, committed 512K, reserved 1048576K
}

