# JRE version: Java(TM) SE Runtime Environment (13.0.2+8) (build 13.0.2+8)
# Java VM: Java HotSpot(TM) 64-Bit Server VM (13.0.2+8, mixed mode, sharing, tiered, compressed oops, g1 gc, windows-amd64)
Heap:
 garbage-first heap   total 194560K, used 20027K [0x0000000742200000, 0x0000000800000000)
  region size 1024K, 21 young (21504K), 2 survivors (2048K)
 Metaspace       used 1607K, capacity 4873K, committed 5120K, reserved 1056768K
  class space    used 140K, capacity 454K, committed 512K, reserved 1048576K
GC Heap History (20 events):
Event: 1.413 GC heap before
{Heap before GC invocations=1 (full 0):
 garbage-first heap   total 194560K, used 116659K [0x0000000742200000, 0x0000000800000000)
  region size 1024K, 114 young (116736K), 1 survivors (1024K)
 Metaspace       used 1602K, capacity 4873K, committed 5120K, reserved 1056768K
  class space    used 140K, capacity 454K, committed 512K, reserved 1048576K
}
Event: 1.416 GC heap after
{Heap after GC invocations=2 (full 0):
 garbage-first heap   total 194560K, used 1508K [0x0000000742200000, 0x0000000800000000)
  region size 1024K, 2 young (2048K), 2 survivors (2048K)
 Metaspace       used 1602K, capacity 4873K, committed 5120K, reserved 1056768K
  class space    used 140K, capacity 454K, committed 512K, reserved 1048576K
}
Event: 1.956 GC heap before
{Heap before GC invocations=2 (full 0):
 garbage-first heap   total 194560K, used 116196K [0x0000000742200000, 0x0000000800000000)
  region size 1024K, 114 young (116736K), 2 survivors (2048K)
 Metaspace       used 1602K, capacity 4873K, committed 5120K, reserved 1056768K
  class space    used 140K, capacity 454K, committed 512K, reserved 1048576K
}
Event: 1.958 GC heap after
{Heap after GC invocations=3 (full 0):
 garbage-first heap   total 194560K, used 1583K [0x0000000742200000, 0x0000000800000000)
  region size 1024K, 2 young (2048K), 2 survivors (2048K)
 Metaspace       used 1602K, capacity 4873K, committed 5120K, reserved 1056768K
  class space    used 140K, capacity 454K, committed 512K, reserved 1048576K
}
Event: 2.509 GC heap before
{Heap before GC invocations=3 (full 0):
 garbage-first heap   total 194560K, used 116271K [0x0000000742200000, 0x0000000800000000)
  region size 1024K, 114 young (116736K), 2 survivors (2048K)
 Metaspace       used 1602K, capacity 4873K, committed 5120K, reserved 1056768K
  class space    used 140K, capacity 454K, committed 512K, reserved 1048576K
}
Event: 2.511 GC heap after
{Heap after GC invocations=4 (full 0):
 garbage-first heap   total 194560K, used 1574K [0x0000000742200000, 0x0000000800000000)
  region size 1024K, 2 young (2048K), 2 survivors (2048K)
 Metaspace       used 1602K, capacity 4873K, committed 5120K, reserved 1056768K
  class space    used 140K, capacity 454K, committed 512K, reserved 1048576K
}
Event: 3.046 GC heap before
{Heap before GC invocations=4 (full 0):
 garbage-first heap   total 194560K, used 116262K [0x0000000742200000, 0x0000000800000000)
  region size 1024K, 114 young (116736K), 2 survivors (2048K)
 Metaspace       used 1605K, capacity 4873K, committed 5120K, reserved 1056768K
  class space    used 140K, capacity 454K, committed 512K, reserved 1048576K
}
Event: 3.052 GC heap after
{Heap after GC invocations=5 (full 0):
 garbage-first heap   total 194560K, used 1587K [0x0000000742200000, 0x0000000800000000)
  region size 1024K, 2 young (2048K), 2 survivors (2048K)
 Metaspace       used 1605K, capacity 4873K, committed 5120K, reserved 1056768K
  class space    used 140K, capacity 454K, committed 512K, reserved 1048576K
}
Event: 3.504 GC heap before
{Heap before GC invocations=5 (full 0):
 garbage-first heap   total 194560K, used 116275K [0x0000000742200000, 0x0000000800000000)
  region size 1024K, 114 young (116736K), 2 survivors (2048K)
 Metaspace       used 1606K, capacity 4873K, committed 5120K, reserved 1056768K
  class space    used 140K, capacity 454K, committed 512K, reserved 1048576K
}
Event: 3.506 GC heap after
{Heap after GC invocations=6 (full 0):
 garbage-first heap   total 194560K, used 1520K [0x0000000742200000, 0x0000000800000000)
  region size 1024K, 2 young (2048K), 2 survivors (2048K)
 Metaspace       used 1606K, capacity 4873K, committed 5120K, reserved 1056768K
  class space    used 140K, capacity 454K, committed 512K, reserved 1048576K
}
Event: 3.978 GC heap before
{Heap before GC invocations=6 (full 0):
 garbage-first heap   total 194560K, used 116208K [0x0000000742200000, 0x0000000800000000)
  region size 1024K, 114 young (116736K), 2 survivors (2048K)
 Metaspace       used 1606K, capacity 4873K, committed 5120K, reserved 1056768K
  class space    used 140K, capacity 454K, committed 512K, reserved 1048576K
}
Event: 3.980 GC heap after
{Heap after GC invocations=7 (full 0):
 garbage-first heap   total 194560K, used 1597K [0x0000000742200000, 0x0000000800000000)
  region size 1024K, 2 young (2048K), 2 survivors (2048K)
 Metaspace       used 1606K, capacity 4873K, committed 5120K, reserved 1056768K
  class space    used 140K, capacity 454K, committed 512K, reserved 1048576K
}
Event: 4.517 GC heap before
{Heap before GC invocations=7 (full 0):
 garbage-first heap   total 194560K, used 116285K [0x0000000742200000, 0x0000000800000000)
  region size 1024K, 114 young (116736K), 2 survivors (2048K)
 Metaspace       used 1606K, capacity 4873K, committed 5120K, reserved 1056768K
  class space    used 140K, capacity 454K, committed 512K, reserved 1048576K
}
Event: 4.519 GC heap after
{Heap after GC invocations=8 (full 0):
 garbage-first heap   total 194560K, used 1662K [0x0000000742200000, 0x0000000800000000)
  region size 1024K, 2 young (2048K), 2 survivors (2048K)
 Metaspace       used 1606K, capacity 4873K, committed 5120K, reserved 1056768K
  class space    used 140K, capacity 454K, committed 512K, reserved 1048576K
}
Event: 5.003 GC heap before
{Heap before GC invocations=8 (full 0):
 garbage-first heap   total 194560K, used 116350K [0x0000000742200000, 0x0000000800000000)
  region size 1024K, 114 young (116736K), 2 survivors (2048K)
 Metaspace       used 1606K, capacity 4873K, committed 5120K, reserved 1056768K
  class space    used 140K, capacity 454K, committed 512K, reserved 1048576K
}
Event: 5.005 GC heap after
{Heap after GC invocations=9 (full 0):
 garbage-first heap   total 194560K, used 1596K [0x0000000742200000, 0x0000000800000000)
  region size 1024K, 2 young (2048K), 2 survivors (2048K)
 Metaspace       used 1606K, capacity 4873K, committed 5120K, reserved 1056768K
  class space    used 140K, capacity 454K, committed 512K, reserved 1048576K
}
Event: 5.495 GC heap before
{Heap before GC invocations=9 (full 0):
 garbage-first heap   total 194560K, used 116284K [0x0000000742200000, 0x0000000800000000)
  region size 1024K, 114 young (116736K), 2 survivors (2048K)
 Metaspace       used 1606K, capacity 4873K, committed 5120K, reserved 1056768K
  class space    used 140K, capacity 454K, committed 512K, reserved 1048576K
}
Event: 5.497 GC heap after
{Heap after GC invocations=10 (full 0):
 garbage-first heap   total 194560K, used 1667K [0x0000000742200000, 0x0000000800000000)
  region size 1024K, 2 young (2048K), 2 survivors (2048K)
 Metaspace       used 1606K, capacity 4873K, committed 5120K, reserved 1056768K
  class space    used 140K, capacity 454K, committed 512K, reserved 1048576K
}
Event: 6.010 GC heap before
{Heap before GC invocations=10 (full 0):
 garbage-first heap   total 194560K, used 116355K [0x0000000742200000, 0x0000000800000000)
  region size 1024K, 114 young (116736K), 2 survivors (2048K)
 Metaspace       used 1607K, capacity 4873K, committed 5120K, reserved 1056768K
  class space    used 140K, capacity 454K, committed 512K, reserved 1048576K
}
Event: 6.012 GC heap after
{Heap after GC invocations=11 (full 0):
 garbage-first heap   total 194560K, used 1595K [0x0000000742200000, 0x0000000800000000)
  region size 1024K, 2 young (2048K), 2 survivors (2048K)
 Metaspace       used 1607K, capacity 4873K, committed 5120K, reserved 1056768K
  class space    used 140K, capacity 454K, committed 512K, reserved 1048576K
}

