# JRE version: Java(TM) SE Runtime Environment (13.0.2+8) (build 13.0.2+8)
# Java VM: Java HotSpot(TM) 64-Bit Server VM (13.0.2+8, mixed mode, sharing, tiered, compressed oops, g1 gc, windows-amd64)
Heap:
 garbage-first heap   total 194560K, used 32313K [0x0000000742200000, 0x0000000800000000)
  region size 1024K, 33 young (33792K), 2 survivors (2048K)
 Metaspace       used 1600K, capacity 4873K, committed 5120K, reserved 1056768K
  class space    used 140K, capacity 454K, committed 512K, reserved 1048576K
GC Heap History (20 events):
Event: 2.347 GC heap before
{Heap before GC invocations=1 (full 0):
 garbage-first heap   total 194560K, used 116166K [0x0000000742200000, 0x0000000800000000)
  region size 1024K, 114 young (116736K), 2 survivors (2048K)
 Metaspace       used 1595K, capacity 4873K, committed 5120K, reserved 1056768K
  class space    used 140K, capacity 454K, committed 512K, reserved 1048576K
}
Event: 2.350 GC heap after
{Heap after GC invocations=2 (full 0):
 garbage-first heap   total 194560K, used 1551K [0x0000000742200000, 0x0000000800000000)
  region size 1024K, 2 young (2048K), 2 survivors (2048K)
 Metaspace       used 1595K, capacity 4873K, committed 5120K, reserved 1056768K
  class space    used 140K, capacity 454K, committed 512K, reserved 1048576K
}
Event: 2.888 GC heap before
{Heap before GC invocations=2 (full 0):
 garbage-first heap   total 194560K, used 116239K [0x0000000742200000, 0x0000000800000000)
  region size 1024K, 114 young (116736K), 2 survivors (2048K)
 Metaspace       used 1595K, capacity 4873K, committed 5120K, reserved 1056768K
  class space    used 140K, capacity 454K, committed 512K, reserved 1048576K
}
Event: 2.890 GC heap after
{Heap after GC invocations=3 (full 0):
 garbage-first heap   total 194560K, used 1510K [0x0000000742200000, 0x0000000800000000)
  region size 1024K, 2 young (2048K), 2 survivors (2048K)
 Metaspace       used 1595K, capacity 4873K, committed 5120K, reserved 1056768K
  class space    used 140K, capacity 454K, committed 512K, reserved 1048576K
}
Event: 3.434 GC heap before
{Heap before GC invocations=3 (full 0):
 garbage-first heap   total 194560K, used 116198K [0x0000000742200000, 0x0000000800000000)
  region size 1024K, 114 young (116736K), 2 survivors (2048K)
 Metaspace       used 1595K, capacity 4873K, committed 5120K, reserved 1056768K
  class space    used 140K, capacity 454K, committed 512K, reserved 1048576K
}
Event: 3.436 GC heap after
{Heap after GC invocations=4 (full 0):
 garbage-first heap   total 194560K, used 1592K [0x0000000742200000, 0x0000000800000000)
  region size 1024K, 2 young (2048K), 2 survivors (2048K)
 Metaspace       used 1595K, capacity 4873K, committed 5120K, reserved 1056768K
  class space    used 140K, capacity 454K, committed 512K, reserved 1048576K
}
Event: 3.871 GC heap before
{Heap before GC invocations=4 (full 0):
 garbage-first heap   total 194560K, used 116280K [0x0000000742200000, 0x0000000800000000)
  region size 1024K, 114 young (116736K), 2 survivors (2048K)
 Metaspace       used 1598K, capacity 4873K, committed 5120K, reserved 1056768K
  class space    used 140K, capacity 454K, committed 512K, reserved 1048576K
}
Event: 3.873 GC heap after
{Heap after GC invocations=5 (full 0):
 garbage-first heap   total 194560K, used 1593K [0x0000000742200000, 0x0000000800000000)
  region size 1024K, 2 young (2048K), 2 survivors (2048K)
 Metaspace       used 1598K, capacity 4873K, committed 5120K, reserved 1056768K
  class space    used 140K, capacity 454K, committed 512K, reserved 1048576K
}
Event: 4.294 GC heap before
{Heap before GC invocations=5 (full 0):
 garbage-first heap   total 194560K, used 116281K [0x0000000742200000, 0x0000000800000000)
  region size 1024K, 114 young (116736K), 2 survivors (2048K)
 Metaspace       used 1599K, capacity 4873K, committed 5120K, reserved 1056768K
  class space    used 140K, capacity 454K, committed 512K, reserved 1048576K
}
Event: 4.296 GC heap after
{Heap after GC invocations=6 (full 0):
 garbage-first heap   total 194560K, used 1667K [0x0000000742200000, 0x0000000800000000)
  region size 1024K, 2 young (2048K), 2 survivors (2048K)
 Metaspace       used 1599K, capacity 4873K, committed 5120K, reserved 1056768K
  class space    used 140K, capacity 454K, committed 512K, reserved 1048576K
}
Event: 4.772 GC heap before
{Heap before GC invocations=6 (full 0):
 garbage-first heap   total 194560K, used 116355K [0x0000000742200000, 0x0000000800000000)
  region size 1024K, 114 young (116736K), 2 survivors (2048K)
 Metaspace       used 1599K, capacity 4873K, committed 5120K, reserved 1056768K
  class space    used 140K, capacity 454K, committed 512K, reserved 1048576K
}
Event: 4.774 GC heap after
{Heap after GC invocations=7 (full 0):
 garbage-first heap   total 194560K, used 1598K [0x0000000742200000, 0x0000000800000000)
  region size 1024K, 2 young (2048K), 2 survivors (2048K)
 Metaspace       used 1599K, capacity 4873K, committed 5120K, reserved 1056768K
  class space    used 140K, capacity 454K, committed 512K, reserved 1048576K
}
Event: 5.251 GC heap before
{Heap before GC invocations=7 (full 0):
 garbage-first heap   total 194560K, used 116286K [0x0000000742200000, 0x0000000800000000)
  region size 1024K, 114 young (116736K), 2 survivors (2048K)
 Metaspace       used 1599K, capacity 4873K, committed 5120K, reserved 1056768K
  class space    used 140K, capacity 454K, committed 512K, reserved 1048576K
}
Event: 5.253 GC heap after
{Heap after GC invocations=8 (full 0):
 garbage-first heap   total 194560K, used 1592K [0x0000000742200000, 0x0000000800000000)
  region size 1024K, 2 young (2048K), 2 survivors (2048K)
 Metaspace       used 1599K, capacity 4873K, committed 5120K, reserved 1056768K
  class space    used 140K, capacity 454K, committed 512K, reserved 1048576K
}
Event: 5.739 GC heap before
{Heap before GC invocations=8 (full 0):
 garbage-first heap   total 194560K, used 116280K [0x0000000742200000, 0x0000000800000000)
  region size 1024K, 114 young (116736K), 2 survivors (2048K)
 Metaspace       used 1599K, capacity 4873K, committed 5120K, reserved 1056768K
  class space    used 140K, capacity 454K, committed 512K, reserved 1048576K
}
Event: 5.741 GC heap after
{Heap after GC invocations=9 (full 0):
 garbage-first heap   total 194560K, used 1595K [0x0000000742200000, 0x0000000800000000)
  region size 1024K, 2 young (2048K), 2 survivors (2048K)
 Metaspace       used 1599K, capacity 4873K, committed 5120K, reserved 1056768K
  class space    used 140K, capacity 454K, committed 512K, reserved 1048576K
}
Event: 6.253 GC heap before
{Heap before GC invocations=9 (full 0):
 garbage-first heap   total 194560K, used 116283K [0x0000000742200000, 0x0000000800000000)
  region size 1024K, 114 young (116736K), 2 survivors (2048K)
 Metaspace       used 1599K, capacity 4873K, committed 5120K, reserved 1056768K
  class space    used 140K, capacity 454K, committed 512K, reserved 1048576K
}
Event: 6.255 GC heap after
{Heap after GC invocations=10 (full 0):
 garbage-first heap   total 194560K, used 1601K [0x0000000742200000, 0x0000000800000000)
  region size 1024K, 2 young (2048K), 2 survivors (2048K)
 Metaspace       used 1599K, capacity 4873K, committed 5120K, reserved 1056768K
  class space    used 140K, capacity 454K, committed 512K, reserved 1048576K
}
Event: 6.851 GC heap before
{Heap before GC invocations=10 (full 0):
 garbage-first heap   total 194560K, used 116289K [0x0000000742200000, 0x0000000800000000)
  region size 1024K, 114 young (116736K), 2 survivors (2048K)
 Metaspace       used 1600K, capacity 4873K, committed 5120K, reserved 1056768K
  class space    used 140K, capacity 454K, committed 512K, reserved 1048576K
}
Event: 6.853 GC heap after
{Heap after GC invocations=11 (full 0):
 garbage-first heap   total 194560K, used 1593K [0x0000000742200000, 0x0000000800000000)
  region size 1024K, 2 young (2048K), 2 survivors (2048K)
 Metaspace       used 1600K, capacity 4873K, committed 5120K, reserved 1056768K
  class space    used 140K, capacity 454K, committed 512K, reserved 1048576K
}

